<?xml version="1.0" encoding="UTF-8"?>
<!-- Generated by org.testng.reporters.JUnitXMLReporter -->
<testsuite ignored="0" hostname="DESKTOP-DJ4FDME" failures="0" tests="3" name="Default test" time="19.863" errors="0" timestamp="2024-01-18T07:06:39 IST">
  <testcase classname="org.wipro.automation.uo.testcases.LoginScenario_DDF" name="validateloginfunc1" time="1.135"/>
  <testcase classname="org.wipro.automation.uo.testcases.LoginScenario_DDF" name="validateloginfunc1" time="1.268"/>
  <testcase classname="org.wipro.automation.uo.testcases.LoginScenario_DDF" name="validateloginfunc1" time="0.94"/>
</testsuite> <!-- Default test -->
