<?xml version="1.0" encoding="UTF-8"?>
<testng-results ignored="0" total="3" passed="3" failed="0" skipped="0">
  <reporter-output>
  </reporter-output>
  <suite started-at="2024-01-18T07:06:19 IST" name="Default suite" finished-at="2024-01-18T07:06:39 IST" duration-ms="19863">
    <groups>
    </groups>
    <test started-at="2024-01-18T07:06:19 IST" name="Default test" finished-at="2024-01-18T07:06:39 IST" duration-ms="19863">
      <class name="org.wipro.automation.uo.testcases.LoginScenario_DDF">
        <test-method is-config="true" signature="launchBrowser()[pri:0, instance:org.wipro.automation.uo.testcases.LoginScenario_DDF@70e9c95d]" started-at="2024-01-18T07:06:19 IST" name="launchBrowser" finished-at="2024-01-18T07:06:25 IST" duration-ms="6264" status="PASS">
          <reporter-output>
          </reporter-output>
        </test-method> <!-- launchBrowser -->
        <test-method signature="validateloginfunc1(java.lang.String,java.lang.String)[pri:0, instance:org.wipro.automation.uo.testcases.LoginScenario_DDF@70e9c95d]" started-at="2024-01-18T07:06:25 IST" name="validateloginfunc1" data-provider="sample" finished-at="2024-01-18T07:06:26 IST" duration-ms="1135" status="PASS">
          <params>
            <param index="0">
              <value>
                <![CDATA[user1]]>
              </value>
            </param>
            <param index="1">
              <value>
                <![CDATA[pass1]]>
              </value>
            </param>
          </params>
          <reporter-output>
          </reporter-output>
        </test-method> <!-- validateloginfunc1 -->
        <test-method is-config="true" signature="closeBrowser()[pri:0, instance:org.wipro.automation.uo.testcases.LoginScenario_DDF@70e9c95d]" started-at="2024-01-18T07:06:26 IST" name="closeBrowser" finished-at="2024-01-18T07:06:27 IST" duration-ms="326" status="PASS">
          <reporter-output>
          </reporter-output>
        </test-method> <!-- closeBrowser -->
        <test-method is-config="true" signature="launchBrowser()[pri:0, instance:org.wipro.automation.uo.testcases.LoginScenario_DDF@70e9c95d]" started-at="2024-01-18T07:06:27 IST" name="launchBrowser" finished-at="2024-01-18T07:06:31 IST" duration-ms="4613" status="PASS">
          <reporter-output>
          </reporter-output>
        </test-method> <!-- launchBrowser -->
        <test-method signature="validateloginfunc1(java.lang.String,java.lang.String)[pri:0, instance:org.wipro.automation.uo.testcases.LoginScenario_DDF@70e9c95d]" started-at="2024-01-18T07:06:31 IST" name="validateloginfunc1" data-provider="sample" finished-at="2024-01-18T07:06:33 IST" duration-ms="1268" status="PASS">
          <params>
            <param index="0">
              <value>
                <![CDATA[user2]]>
              </value>
            </param>
            <param index="1">
              <value>
                <![CDATA[pass2]]>
              </value>
            </param>
          </params>
          <reporter-output>
          </reporter-output>
        </test-method> <!-- validateloginfunc1 -->
        <test-method is-config="true" signature="closeBrowser()[pri:0, instance:org.wipro.automation.uo.testcases.LoginScenario_DDF@70e9c95d]" started-at="2024-01-18T07:06:33 IST" name="closeBrowser" finished-at="2024-01-18T07:06:33 IST" duration-ms="285" status="PASS">
          <reporter-output>
          </reporter-output>
        </test-method> <!-- closeBrowser -->
        <test-method is-config="true" signature="launchBrowser()[pri:0, instance:org.wipro.automation.uo.testcases.LoginScenario_DDF@70e9c95d]" started-at="2024-01-18T07:06:33 IST" name="launchBrowser" finished-at="2024-01-18T07:06:38 IST" duration-ms="4629" status="PASS">
          <reporter-output>
          </reporter-output>
        </test-method> <!-- launchBrowser -->
        <test-method signature="validateloginfunc1(java.lang.String,java.lang.String)[pri:0, instance:org.wipro.automation.uo.testcases.LoginScenario_DDF@70e9c95d]" started-at="2024-01-18T07:06:38 IST" name="validateloginfunc1" data-provider="sample" finished-at="2024-01-18T07:06:39 IST" duration-ms="940" status="PASS">
          <params>
            <param index="0">
              <value>
                <![CDATA[user3]]>
              </value>
            </param>
            <param index="1">
              <value>
                <![CDATA[pass3]]>
              </value>
            </param>
          </params>
          <reporter-output>
          </reporter-output>
        </test-method> <!-- validateloginfunc1 -->
        <test-method is-config="true" signature="closeBrowser()[pri:0, instance:org.wipro.automation.uo.testcases.LoginScenario_DDF@70e9c95d]" started-at="2024-01-18T07:06:39 IST" name="closeBrowser" finished-at="2024-01-18T07:06:39 IST" duration-ms="282" status="PASS">
          <reporter-output>
          </reporter-output>
        </test-method> <!-- closeBrowser -->
      </class> <!-- org.wipro.automation.uo.testcases.LoginScenario_DDF -->
    </test> <!-- Default test -->
  </suite> <!-- Default suite -->
</testng-results>
